Build started 25.04.2016 2:32:04.
     1>Project "D:\Documents\Visual Studio 2013\Projects\scetool\zlib\src\zlib.vcxproj" on node 2 (Build target(s)).
     1>ClCompile:
         C:\Program Files (x86)\Microsoft Visual Studio 12.0\VC\bin\CL.exe /c /Zi /nologo /W3 /WX- /Od /Oy- /D WIN32 /D _DEBUG /D _LIB /D _USING_V110_SDK71_ /Gm /EHsc /RTC1 /MTd /GS /fp:precise /Zc:wchar_t /Zc:forScope /Fo"Debug\\" /Fd"Debug\vc120.pdb" /Gd /TC /analyze- /errorReport:prompt adler32.c compress.c crc32.c deflate.c gzclose.c gzlib.c gzread.c gzwrite.c infback.c inffast.c inflate.c inftrees.c trees.c uncompr.c zutil.c
         zutil.c
         uncompr.c
         trees.c
         inftrees.c
         inflate.c
         inffast.c
         infback.c
         gzwrite.c
     1>gzwrite.c(84): warning C4996: 'write': The POSIX name for this item is deprecated. Instead, use the ISO C++ conformant name: _write. See online help for details.
                 C:\Program Files (x86)\Microsoft Visual Studio 12.0\VC\include\io.h(342) : see declaration of 'write'
     1>gzwrite.c(86): warning C4996: 'strerror': This function or variable may be unsafe. Consider using strerror_s instead. To disable deprecation, use _CRT_SECURE_NO_WARNINGS. See online help for details.
                 C:\Program Files (x86)\Microsoft Visual Studio 12.0\VC\include\string.h(168) : see declaration of 'strerror'
     1>gzwrite.c(102): warning C4996: 'write': The POSIX name for this item is deprecated. Instead, use the ISO C++ conformant name: _write. See online help for details.
                 C:\Program Files (x86)\Microsoft Visual Studio 12.0\VC\include\io.h(342) : see declaration of 'write'
     1>gzwrite.c(103): warning C4996: 'strerror': This function or variable may be unsafe. Consider using strerror_s instead. To disable deprecation, use _CRT_SECURE_NO_WARNINGS. See online help for details.
                 C:\Program Files (x86)\Microsoft Visual Studio 12.0\VC\include\string.h(168) : see declaration of 'strerror'
     1>gzwrite.c(357): warning C4996: 'vsnprintf': This function or variable may be unsafe. Consider using vsnprintf_s instead. To disable deprecation, use _CRT_SECURE_NO_WARNINGS. See online help for details.
                 C:\Program Files (x86)\Microsoft Visual Studio 12.0\VC\include\stdio.h(337) : see declaration of 'vsnprintf'
     1>gzwrite.c(573): warning C4996: 'close': The POSIX name for this item is deprecated. Instead, use the ISO C++ conformant name: _close. See online help for details.
                 C:\Program Files (x86)\Microsoft Visual Studio 12.0\VC\include\io.h(326) : see declaration of 'close'
         gzread.c
     1>gzread.c(30): warning C4996: 'read': The POSIX name for this item is deprecated. Instead, use the ISO C++ conformant name: _read. See online help for details.
                 C:\Program Files (x86)\Microsoft Visual Studio 12.0\VC\include\io.h(337) : see declaration of 'read'
     1>gzread.c(36): warning C4996: 'strerror': This function or variable may be unsafe. Consider using strerror_s instead. To disable deprecation, use _CRT_SECURE_NO_WARNINGS. See online help for details.
                 C:\Program Files (x86)\Microsoft Visual Studio 12.0\VC\include\string.h(168) : see declaration of 'strerror'
     1>gzread.c(591): warning C4996: 'close': The POSIX name for this item is deprecated. Instead, use the ISO C++ conformant name: _close. See online help for details.
                 C:\Program Files (x86)\Microsoft Visual Studio 12.0\VC\include\io.h(326) : see declaration of 'close'
         gzlib.c
     1>gzlib.c(193): warning C4996: 'wcstombs': This function or variable may be unsafe. Consider using wcstombs_s instead. To disable deprecation, use _CRT_SECURE_NO_WARNINGS. See online help for details.
                 C:\Program Files (x86)\Microsoft Visual Studio 12.0\VC\include\stdlib.h(575) : see declaration of 'wcstombs'
     1>gzlib.c(208): warning C4996: 'wcstombs': This function or variable may be unsafe. Consider using wcstombs_s instead. To disable deprecation, use _CRT_SECURE_NO_WARNINGS. See online help for details.
                 C:\Program Files (x86)\Microsoft Visual Studio 12.0\VC\include\stdlib.h(575) : see declaration of 'wcstombs'
     1>gzlib.c(214): warning C4996: '_snprintf': This function or variable may be unsafe. Consider using _snprintf_s instead. To disable deprecation, use _CRT_SECURE_NO_WARNINGS. See online help for details.
                 C:\Program Files (x86)\Microsoft Visual Studio 12.0\VC\include\stdio.h(346) : see declaration of '_snprintf'
     1>gzlib.c(245): warning C4996: '_wopen': This function or variable may be unsafe. Consider using _wsopen_s instead. To disable deprecation, use _CRT_SECURE_NO_WARNINGS. See online help for details.
                 C:\Program Files (x86)\Microsoft Visual Studio 12.0\VC\include\io.h(274) : see declaration of '_wopen'
     1>gzlib.c(245): warning C4996: 'open': The POSIX name for this item is deprecated. Instead, use the ISO C++ conformant name: _open. See online help for details.
                 C:\Program Files (x86)\Microsoft Visual Studio 12.0\VC\include\io.h(336) : see declaration of 'open'
     1>gzlib.c(294): warning C4996: '_snprintf': This function or variable may be unsafe. Consider using _snprintf_s instead. To disable deprecation, use _CRT_SECURE_NO_WARNINGS. See online help for details.
                 C:\Program Files (x86)\Microsoft Visual Studio 12.0\VC\include\stdio.h(346) : see declaration of '_snprintf'
     1>gzlib.c(608): warning C4996: '_snprintf': This function or variable may be unsafe. Consider using _snprintf_s instead. To disable deprecation, use _CRT_SECURE_NO_WARNINGS. See online help for details.
                 C:\Program Files (x86)\Microsoft Visual Studio 12.0\VC\include\stdio.h(346) : see declaration of '_snprintf'
         gzclose.c
         deflate.c
         crc32.c
         compress.c
         adler32.c
         Generating Code...
       Lib:
         C:\Program Files (x86)\Microsoft Visual Studio 12.0\VC\bin\Lib.exe /OUT:"D:\Documents\Visual Studio 2013\Projects\scetool\zlib\src\Debug\zlibd.lib" /NOLOGO Debug\adler32.obj
         Debug\compress.obj
         Debug\crc32.obj
         Debug\deflate.obj
         Debug\gzclose.obj
         Debug\gzlib.obj
         Debug\gzread.obj
         Debug\gzwrite.obj
         Debug\infback.obj
         Debug\inffast.obj
         Debug\inflate.obj
         Debug\inftrees.obj
         Debug\trees.obj
         Debug\uncompr.obj
         Debug\zutil.obj
         zlib.vcxproj -> D:\Documents\Visual Studio 2013\Projects\scetool\zlib\src\Debug\zlibd.lib
     1>Done Building Project "D:\Documents\Visual Studio 2013\Projects\scetool\zlib\src\zlib.vcxproj" (Build target(s)).

Build succeeded.

Time Elapsed 00:00:03.24
